Determining if the function _snprintf exists failed with the following output:
Change Dir: /home/faridah/real/Desktop/Trd_Year/PR6/marron_et_vert_c_marron_qui_gagne/lib_dir/build/CMakeFiles/CMakeTmp

Run Build Command:"/usr/bin/make" "cmTC_6e9f9/fast"
/usr/bin/make -f CMakeFiles/cmTC_6e9f9.dir/build.make CMakeFiles/cmTC_6e9f9.dir/build
make[1]: Entering directory '/mnt/c/Users/farid/Desktop/Trd_Year/PR6/marron_et_vert_c_marron_qui_gagne/lib_dir/build/CMakeFiles/CMakeTmp'
Building C object CMakeFiles/cmTC_6e9f9.dir/CheckFunctionExists.c.o
/usr/bin/cc  -DKEYWORD=__inline  -DCHECK_FUNCTION_EXISTS=_snprintf   -o CMakeFiles/cmTC_6e9f9.dir/CheckFunctionExists.c.o   -c /usr/share/cmake-3.5/Modules/CheckFunctionExists.c
Linking C executable cmTC_6e9f9
/usr/bin/cmake -E cmake_link_script CMakeFiles/cmTC_6e9f9.dir/link.txt --verbose=1
/usr/bin/cc   -DCHECK_FUNCTION_EXISTS=_snprintf    CMakeFiles/cmTC_6e9f9.dir/CheckFunctionExists.c.o  -o cmTC_6e9f9 -rdynamic 
CMakeFiles/cmTC_6e9f9.dir/CheckFunctionExists.c.o: In function `main':
CheckFunctionExists.c:(.text+0x15): undefined reference to `_snprintf'
collect2: error: ld returned 1 exit status
CMakeFiles/cmTC_6e9f9.dir/build.make:97: recipe for target 'cmTC_6e9f9' failed
make[1]: *** [cmTC_6e9f9] Error 1
make[1]: Leaving directory '/mnt/c/Users/farid/Desktop/Trd_Year/PR6/marron_et_vert_c_marron_qui_gagne/lib_dir/build/CMakeFiles/CMakeTmp'
Makefile:126: recipe for target 'cmTC_6e9f9/fast' failed
make: *** [cmTC_6e9f9/fast] Error 2


Determining if the function _vsnprintf exists failed with the following output:
Change Dir: /home/faridah/real/Desktop/Trd_Year/PR6/marron_et_vert_c_marron_qui_gagne/lib_dir/build/CMakeFiles/CMakeTmp

Run Build Command:"/usr/bin/make" "cmTC_40a84/fast"
/usr/bin/make -f CMakeFiles/cmTC_40a84.dir/build.make CMakeFiles/cmTC_40a84.dir/build
make[1]: Entering directory '/mnt/c/Users/farid/Desktop/Trd_Year/PR6/marron_et_vert_c_marron_qui_gagne/lib_dir/build/CMakeFiles/CMakeTmp'
Building C object CMakeFiles/cmTC_40a84.dir/CheckFunctionExists.c.o
/usr/bin/cc  -DKEYWORD=__inline  -DCHECK_FUNCTION_EXISTS=_vsnprintf   -o CMakeFiles/cmTC_40a84.dir/CheckFunctionExists.c.o   -c /usr/share/cmake-3.5/Modules/CheckFunctionExists.c
Linking C executable cmTC_40a84
/usr/bin/cmake -E cmake_link_script CMakeFiles/cmTC_40a84.dir/link.txt --verbose=1
/usr/bin/cc   -DCHECK_FUNCTION_EXISTS=_vsnprintf    CMakeFiles/cmTC_40a84.dir/CheckFunctionExists.c.o  -o cmTC_40a84 -rdynamic 
CMakeFiles/cmTC_40a84.dir/CheckFunctionExists.c.o: In function `main':
CheckFunctionExists.c:(.text+0x15): undefined reference to `_vsnprintf'
collect2: error: ld returned 1 exit status
CMakeFiles/cmTC_40a84.dir/build.make:97: recipe for target 'cmTC_40a84' failed
make[1]: *** [cmTC_40a84] Error 1
make[1]: Leaving directory '/mnt/c/Users/farid/Desktop/Trd_Year/PR6/marron_et_vert_c_marron_qui_gagne/lib_dir/build/CMakeFiles/CMakeTmp'
Makefile:126: recipe for target 'cmTC_40a84/fast' failed
make: *** [cmTC_40a84/fast] Error 2


Determining if the function _atoi64 exists failed with the following output:
Change Dir: /home/faridah/real/Desktop/Trd_Year/PR6/marron_et_vert_c_marron_qui_gagne/lib_dir/build/CMakeFiles/CMakeTmp

Run Build Command:"/usr/bin/make" "cmTC_8e277/fast"
/usr/bin/make -f CMakeFiles/cmTC_8e277.dir/build.make CMakeFiles/cmTC_8e277.dir/build
make[1]: Entering directory '/mnt/c/Users/farid/Desktop/Trd_Year/PR6/marron_et_vert_c_marron_qui_gagne/lib_dir/build/CMakeFiles/CMakeTmp'
Building C object CMakeFiles/cmTC_8e277.dir/CheckFunctionExists.c.o
/usr/bin/cc  -DKEYWORD=__inline  -DCHECK_FUNCTION_EXISTS=_atoi64   -o CMakeFiles/cmTC_8e277.dir/CheckFunctionExists.c.o   -c /usr/share/cmake-3.5/Modules/CheckFunctionExists.c
Linking C executable cmTC_8e277
/usr/bin/cmake -E cmake_link_script CMakeFiles/cmTC_8e277.dir/link.txt --verbose=1
/usr/bin/cc   -DCHECK_FUNCTION_EXISTS=_atoi64    CMakeFiles/cmTC_8e277.dir/CheckFunctionExists.c.o  -o cmTC_8e277 -rdynamic 
CMakeFiles/cmTC_8e277.dir/CheckFunctionExists.c.o: In function `main':
CheckFunctionExists.c:(.text+0x15): undefined reference to `_atoi64'
collect2: error: ld returned 1 exit status
CMakeFiles/cmTC_8e277.dir/build.make:97: recipe for target 'cmTC_8e277' failed
make[1]: *** [cmTC_8e277] Error 1
make[1]: Leaving directory '/mnt/c/Users/farid/Desktop/Trd_Year/PR6/marron_et_vert_c_marron_qui_gagne/lib_dir/build/CMakeFiles/CMakeTmp'
Makefile:126: recipe for target 'cmTC_8e277/fast' failed
make: *** [cmTC_8e277/fast] Error 2


Determining if the function _stat32i64 exists failed with the following output:
Change Dir: /home/faridah/real/Desktop/Trd_Year/PR6/marron_et_vert_c_marron_qui_gagne/lib_dir/build/CMakeFiles/CMakeTmp

Run Build Command:"/usr/bin/make" "cmTC_30321/fast"
/usr/bin/make -f CMakeFiles/cmTC_30321.dir/build.make CMakeFiles/cmTC_30321.dir/build
make[1]: Entering directory '/mnt/c/Users/farid/Desktop/Trd_Year/PR6/marron_et_vert_c_marron_qui_gagne/lib_dir/build/CMakeFiles/CMakeTmp'
Building C object CMakeFiles/cmTC_30321.dir/CheckFunctionExists.c.o
/usr/bin/cc  -DKEYWORD=__inline  -DCHECK_FUNCTION_EXISTS=_stat32i64   -o CMakeFiles/cmTC_30321.dir/CheckFunctionExists.c.o   -c /usr/share/cmake-3.5/Modules/CheckFunctionExists.c
Linking C executable cmTC_30321
/usr/bin/cmake -E cmake_link_script CMakeFiles/cmTC_30321.dir/link.txt --verbose=1
/usr/bin/cc   -DCHECK_FUNCTION_EXISTS=_stat32i64    CMakeFiles/cmTC_30321.dir/CheckFunctionExists.c.o  -o cmTC_30321 -rdynamic 
CMakeFiles/cmTC_30321.dir/CheckFunctionExists.c.o: In function `main':
CheckFunctionExists.c:(.text+0x15): undefined reference to `_stat32i64'
collect2: error: ld returned 1 exit status
CMakeFiles/cmTC_30321.dir/build.make:97: recipe for target 'cmTC_30321' failed
make[1]: *** [cmTC_30321] Error 1
make[1]: Leaving directory '/mnt/c/Users/farid/Desktop/Trd_Year/PR6/marron_et_vert_c_marron_qui_gagne/lib_dir/build/CMakeFiles/CMakeTmp'
Makefile:126: recipe for target 'cmTC_30321/fast' failed
make: *** [cmTC_30321/fast] Error 2


Determining if the include file in6addr.h exists failed with the following output:
Change Dir: /home/faridah/real/Desktop/Trd_Year/PR6/marron_et_vert_c_marron_qui_gagne/lib_dir/build/CMakeFiles/CMakeTmp

Run Build Command:"/usr/bin/make" "cmTC_60ba2/fast"
/usr/bin/make -f CMakeFiles/cmTC_60ba2.dir/build.make CMakeFiles/cmTC_60ba2.dir/build
make[1]: Entering directory '/mnt/c/Users/farid/Desktop/Trd_Year/PR6/marron_et_vert_c_marron_qui_gagne/lib_dir/build/CMakeFiles/CMakeTmp'
Building C object CMakeFiles/cmTC_60ba2.dir/CheckIncludeFile.c.o
/usr/bin/cc  -DKEYWORD=__inline   -o CMakeFiles/cmTC_60ba2.dir/CheckIncludeFile.c.o   -c /home/faridah/real/Desktop/Trd_Year/PR6/marron_et_vert_c_marron_qui_gagne/lib_dir/build/CMakeFiles/CMakeTmp/CheckIncludeFile.c
/home/faridah/real/Desktop/Trd_Year/PR6/marron_et_vert_c_marron_qui_gagne/lib_dir/build/CMakeFiles/CMakeTmp/CheckIncludeFile.c:1:21: fatal error: in6addr.h: No such file or directory
compilation terminated.
CMakeFiles/cmTC_60ba2.dir/build.make:65: recipe for target 'CMakeFiles/cmTC_60ba2.dir/CheckIncludeFile.c.o' failed
make[1]: *** [CMakeFiles/cmTC_60ba2.dir/CheckIncludeFile.c.o] Error 1
make[1]: Leaving directory '/mnt/c/Users/farid/Desktop/Trd_Year/PR6/marron_et_vert_c_marron_qui_gagne/lib_dir/build/CMakeFiles/CMakeTmp'
Makefile:126: recipe for target 'cmTC_60ba2/fast' failed
make: *** [cmTC_60ba2/fast] Error 2


Determining if the include file sys/sockio.h exists failed with the following output:
Change Dir: /home/faridah/real/Desktop/Trd_Year/PR6/marron_et_vert_c_marron_qui_gagne/lib_dir/build/CMakeFiles/CMakeTmp

Run Build Command:"/usr/bin/make" "cmTC_aac5e/fast"
/usr/bin/make -f CMakeFiles/cmTC_aac5e.dir/build.make CMakeFiles/cmTC_aac5e.dir/build
make[1]: Entering directory '/mnt/c/Users/farid/Desktop/Trd_Year/PR6/marron_et_vert_c_marron_qui_gagne/lib_dir/build/CMakeFiles/CMakeTmp'
Building C object CMakeFiles/cmTC_aac5e.dir/CheckIncludeFile.c.o
/usr/bin/cc  -DKEYWORD=__inline   -o CMakeFiles/cmTC_aac5e.dir/CheckIncludeFile.c.o   -c /home/faridah/real/Desktop/Trd_Year/PR6/marron_et_vert_c_marron_qui_gagne/lib_dir/build/CMakeFiles/CMakeTmp/CheckIncludeFile.c
/home/faridah/real/Desktop/Trd_Year/PR6/marron_et_vert_c_marron_qui_gagne/lib_dir/build/CMakeFiles/CMakeTmp/CheckIncludeFile.c:1:24: fatal error: sys/sockio.h: No such file or directory
compilation terminated.
CMakeFiles/cmTC_aac5e.dir/build.make:65: recipe for target 'CMakeFiles/cmTC_aac5e.dir/CheckIncludeFile.c.o' failed
make[1]: *** [CMakeFiles/cmTC_aac5e.dir/CheckIncludeFile.c.o] Error 1
make[1]: Leaving directory '/mnt/c/Users/farid/Desktop/Trd_Year/PR6/marron_et_vert_c_marron_qui_gagne/lib_dir/build/CMakeFiles/CMakeTmp'
Makefile:126: recipe for target 'cmTC_aac5e/fast' failed
make: *** [cmTC_aac5e/fast] Error 2


Determining if the include file vfork.h exists failed with the following output:
Change Dir: /home/faridah/real/Desktop/Trd_Year/PR6/marron_et_vert_c_marron_qui_gagne/lib_dir/build/CMakeFiles/CMakeTmp

Run Build Command:"/usr/bin/make" "cmTC_7e872/fast"
/usr/bin/make -f CMakeFiles/cmTC_7e872.dir/build.make CMakeFiles/cmTC_7e872.dir/build
make[1]: Entering directory '/mnt/c/Users/farid/Desktop/Trd_Year/PR6/marron_et_vert_c_marron_qui_gagne/lib_dir/build/CMakeFiles/CMakeTmp'
Building C object CMakeFiles/cmTC_7e872.dir/CheckIncludeFile.c.o
/usr/bin/cc  -DKEYWORD=__inline   -o CMakeFiles/cmTC_7e872.dir/CheckIncludeFile.c.o   -c /home/faridah/real/Desktop/Trd_Year/PR6/marron_et_vert_c_marron_qui_gagne/lib_dir/build/CMakeFiles/CMakeTmp/CheckIncludeFile.c
/home/faridah/real/Desktop/Trd_Year/PR6/marron_et_vert_c_marron_qui_gagne/lib_dir/build/CMakeFiles/CMakeTmp/CheckIncludeFile.c:1:19: fatal error: vfork.h: No such file or directory
compilation terminated.
CMakeFiles/cmTC_7e872.dir/build.make:65: recipe for target 'CMakeFiles/cmTC_7e872.dir/CheckIncludeFile.c.o' failed
make[1]: *** [CMakeFiles/cmTC_7e872.dir/CheckIncludeFile.c.o] Error 1
make[1]: Leaving directory '/mnt/c/Users/farid/Desktop/Trd_Year/PR6/marron_et_vert_c_marron_qui_gagne/lib_dir/build/CMakeFiles/CMakeTmp'
Makefile:126: recipe for target 'cmTC_7e872/fast' failed
make: *** [cmTC_7e872/fast] Error 2


Determining if the include file sys/capability.h exists failed with the following output:
Change Dir: /home/faridah/real/Desktop/Trd_Year/PR6/marron_et_vert_c_marron_qui_gagne/lib_dir/build/CMakeFiles/CMakeTmp

Run Build Command:"/usr/bin/make" "cmTC_3852c/fast"
/usr/bin/make -f CMakeFiles/cmTC_3852c.dir/build.make CMakeFiles/cmTC_3852c.dir/build
make[1]: Entering directory '/mnt/c/Users/farid/Desktop/Trd_Year/PR6/marron_et_vert_c_marron_qui_gagne/lib_dir/build/CMakeFiles/CMakeTmp'
Building C object CMakeFiles/cmTC_3852c.dir/CheckIncludeFile.c.o
/usr/bin/cc  -DKEYWORD=__inline   -o CMakeFiles/cmTC_3852c.dir/CheckIncludeFile.c.o   -c /home/faridah/real/Desktop/Trd_Year/PR6/marron_et_vert_c_marron_qui_gagne/lib_dir/build/CMakeFiles/CMakeTmp/CheckIncludeFile.c
/home/faridah/real/Desktop/Trd_Year/PR6/marron_et_vert_c_marron_qui_gagne/lib_dir/build/CMakeFiles/CMakeTmp/CheckIncludeFile.c:1:28: fatal error: sys/capability.h: No such file or directory
compilation terminated.
CMakeFiles/cmTC_3852c.dir/build.make:65: recipe for target 'CMakeFiles/cmTC_3852c.dir/CheckIncludeFile.c.o' failed
make[1]: *** [CMakeFiles/cmTC_3852c.dir/CheckIncludeFile.c.o] Error 1
make[1]: Leaving directory '/mnt/c/Users/farid/Desktop/Trd_Year/PR6/marron_et_vert_c_marron_qui_gagne/lib_dir/build/CMakeFiles/CMakeTmp'
Makefile:126: recipe for target 'cmTC_3852c/fast' failed
make: *** [cmTC_3852c/fast] Error 2


Determining if the function cap_set_flag exists in the cap failed with the following output:
Change Dir: /home/faridah/real/Desktop/Trd_Year/PR6/marron_et_vert_c_marron_qui_gagne/lib_dir/build/CMakeFiles/CMakeTmp

Run Build Command:"/usr/bin/make" "cmTC_8a98c/fast"
/usr/bin/make -f CMakeFiles/cmTC_8a98c.dir/build.make CMakeFiles/cmTC_8a98c.dir/build
make[1]: Entering directory '/mnt/c/Users/farid/Desktop/Trd_Year/PR6/marron_et_vert_c_marron_qui_gagne/lib_dir/build/CMakeFiles/CMakeTmp'
Building C object CMakeFiles/cmTC_8a98c.dir/CheckFunctionExists.c.o
/usr/bin/cc  -DKEYWORD=__inline  -DCHECK_FUNCTION_EXISTS=cap_set_flag   -o CMakeFiles/cmTC_8a98c.dir/CheckFunctionExists.c.o   -c /usr/share/cmake-3.5/Modules/CheckFunctionExists.c
Linking C executable cmTC_8a98c
/usr/bin/cmake -E cmake_link_script CMakeFiles/cmTC_8a98c.dir/link.txt --verbose=1
/usr/bin/cc   -DCHECK_FUNCTION_EXISTS=cap_set_flag    CMakeFiles/cmTC_8a98c.dir/CheckFunctionExists.c.o  -o cmTC_8a98c -rdynamic -lcap 
/usr/bin/ld: cannot find -lcap
collect2: error: ld returned 1 exit status
CMakeFiles/cmTC_8a98c.dir/build.make:97: recipe for target 'cmTC_8a98c' failed
make[1]: *** [cmTC_8a98c] Error 1
make[1]: Leaving directory '/mnt/c/Users/farid/Desktop/Trd_Year/PR6/marron_et_vert_c_marron_qui_gagne/lib_dir/build/CMakeFiles/CMakeTmp'
Makefile:126: recipe for target 'cmTC_8a98c/fast' failed
make: *** [cmTC_8a98c/fast] Error 2


